{"/Users/stefan/Desktop/Projects/dataStructures/doublyLinkedList/index.js":{"path":"/Users/stefan/Desktop/Projects/dataStructures/doublyLinkedList/index.js","s":{"1":26,"2":26,"3":26,"4":10,"5":10,"6":10,"7":29,"8":29,"9":0,"10":29,"11":4,"12":25,"13":5,"14":20,"15":20,"16":5,"17":15,"18":15,"19":15,"20":25,"21":25,"22":10,"23":10,"24":15,"25":1,"26":14,"27":14,"28":24,"29":24,"30":4,"31":4,"32":4,"33":3,"34":4,"35":1,"36":4,"37":3,"38":4,"39":0,"40":4,"41":3,"42":3,"43":2,"44":2,"45":2,"46":2,"47":0,"48":2,"49":2,"50":1,"51":2,"52":0,"53":0,"54":0,"55":0,"56":0,"57":0,"58":0,"59":0,"60":0,"61":0,"62":0,"63":0,"64":0,"65":1},"b":{"1":[26,0],"2":[26,26],"3":[26,12],"4":[0,29],"5":[4,25],"6":[5,20],"7":[35,35],"8":[5,15],"9":[10,15],"10":[1,14],"11":[4,0],"12":[3,1],"13":[1,3],"14":[3,1],"15":[2,1],"16":[2,0],"17":[0,2],"18":[0,0],"19":[0,0],"20":[0,0],"21":[0,0]},"f":{"1":26,"2":10,"3":29,"4":25,"5":4,"6":3,"7":0},"fnMap":{"1":{"name":"(anonymous_1)","line":5,"loc":{"start":{"line":5,"column":13},"end":{"line":5,"column":31}}},"2":{"name":"(anonymous_2)","line":15,"loc":{"start":{"line":15,"column":13},"end":{"line":15,"column":16}}},"3":{"name":"(anonymous_3)","line":21,"loc":{"start":{"line":21,"column":9},"end":{"line":21,"column":15}}},"4":{"name":"(anonymous_4)","line":50,"loc":{"start":{"line":50,"column":5},"end":{"line":50,"column":11}}},"5":{"name":"(anonymous_5)","line":72,"loc":{"start":{"line":72,"column":8},"end":{"line":72,"column":14}}},"6":{"name":"(anonymous_6)","line":89,"loc":{"start":{"line":89,"column":8},"end":{"line":89,"column":28}}},"7":{"name":"(anonymous_7)","line":106,"loc":{"start":{"line":106,"column":8},"end":{"line":106,"column":14}}}},"statementMap":{"1":{"start":{"line":6,"column":4},"end":{"line":6,"column":25}},"2":{"start":{"line":7,"column":4},"end":{"line":7,"column":29}},"3":{"start":{"line":8,"column":4},"end":{"line":8,"column":29}},"4":{"start":{"line":16,"column":4},"end":{"line":16,"column":21}},"5":{"start":{"line":17,"column":4},"end":{"line":17,"column":21}},"6":{"start":{"line":18,"column":4},"end":{"line":18,"column":18}},"7":{"start":{"line":22,"column":4},"end":{"line":24,"column":22}},"8":{"start":{"line":26,"column":4},"end":{"line":26,"column":42}},"9":{"start":{"line":26,"column":27},"end":{"line":26,"column":40}},"10":{"start":{"line":29,"column":4},"end":{"line":31,"column":5}},"11":{"start":{"line":30,"column":6},"end":{"line":30,"column":23}},"12":{"start":{"line":33,"column":4},"end":{"line":35,"column":5}},"13":{"start":{"line":34,"column":6},"end":{"line":34,"column":23}},"14":{"start":{"line":37,"column":4},"end":{"line":43,"column":5}},"15":{"start":{"line":38,"column":6},"end":{"line":40,"column":7}},"16":{"start":{"line":39,"column":8},"end":{"line":39,"column":23}},"17":{"start":{"line":41,"column":6},"end":{"line":41,"column":25}},"18":{"start":{"line":42,"column":6},"end":{"line":42,"column":29}},"19":{"start":{"line":46,"column":4},"end":{"line":46,"column":17}},"20":{"start":{"line":51,"column":4},"end":{"line":51,"column":25}},"21":{"start":{"line":53,"column":4},"end":{"line":64,"column":5}},"22":{"start":{"line":54,"column":6},"end":{"line":54,"column":32}},"23":{"start":{"line":55,"column":6},"end":{"line":55,"column":28}},"24":{"start":{"line":58,"column":6},"end":{"line":60,"column":7}},"25":{"start":{"line":59,"column":8},"end":{"line":59,"column":63}},"26":{"start":{"line":62,"column":6},"end":{"line":62,"column":48}},"27":{"start":{"line":63,"column":6},"end":{"line":63,"column":33}},"28":{"start":{"line":66,"column":4},"end":{"line":66,"column":16}},"29":{"start":{"line":68,"column":4},"end":{"line":68,"column":16}},"30":{"start":{"line":73,"column":4},"end":{"line":73,"column":36}},"31":{"start":{"line":75,"column":4},"end":{"line":83,"column":5}},"32":{"start":{"line":76,"column":6},"end":{"line":76,"column":61}},"33":{"start":{"line":76,"column":26},"end":{"line":76,"column":59}},"34":{"start":{"line":77,"column":6},"end":{"line":77,"column":61}},"35":{"start":{"line":77,"column":26},"end":{"line":77,"column":59}},"36":{"start":{"line":78,"column":6},"end":{"line":78,"column":62}},"37":{"start":{"line":78,"column":35},"end":{"line":78,"column":60}},"38":{"start":{"line":80,"column":6},"end":{"line":80,"column":18}},"39":{"start":{"line":82,"column":6},"end":{"line":82,"column":78}},"40":{"start":{"line":85,"column":4},"end":{"line":85,"column":16}},"41":{"start":{"line":90,"column":4},"end":{"line":90,"column":42}},"42":{"start":{"line":91,"column":4},"end":{"line":100,"column":5}},"43":{"start":{"line":92,"column":6},"end":{"line":92,"column":37}},"44":{"start":{"line":94,"column":6},"end":{"line":94,"column":56}},"45":{"start":{"line":94,"column":26},"end":{"line":94,"column":54}},"46":{"start":{"line":95,"column":6},"end":{"line":95,"column":57}},"47":{"start":{"line":95,"column":35},"end":{"line":95,"column":55}},"48":{"start":{"line":96,"column":6},"end":{"line":96,"column":29}},"49":{"start":{"line":97,"column":6},"end":{"line":97,"column":18}},"50":{"start":{"line":99,"column":6},"end":{"line":99,"column":70}},"51":{"start":{"line":102,"column":4},"end":{"line":102,"column":16}},"52":{"start":{"line":107,"column":4},"end":{"line":108,"column":15}},"53":{"start":{"line":111,"column":4},"end":{"line":115,"column":5}},"54":{"start":{"line":112,"column":6},"end":{"line":112,"column":31}},"55":{"start":{"line":114,"column":6},"end":{"line":114,"column":47}},"56":{"start":{"line":114,"column":23},"end":{"line":114,"column":45}},"57":{"start":{"line":117,"column":4},"end":{"line":124,"column":5}},"58":{"start":{"line":118,"column":6},"end":{"line":121,"column":7}},"59":{"start":{"line":119,"column":8},"end":{"line":119,"column":37}},"60":{"start":{"line":120,"column":8},"end":{"line":120,"column":37}},"61":{"start":{"line":122,"column":6},"end":{"line":122,"column":25}},"62":{"start":{"line":123,"column":6},"end":{"line":123,"column":29}},"63":{"start":{"line":127,"column":4},"end":{"line":129,"column":5}},"64":{"start":{"line":128,"column":6},"end":{"line":128,"column":27}},"65":{"start":{"line":133,"column":0},"end":{"line":133,"column":21}}},"branchMap":{"1":{"line":6,"type":"binary-expr","locations":[{"start":{"line":6,"column":15},"end":{"line":6,"column":18}},{"start":{"line":6,"column":22},"end":{"line":6,"column":24}}]},"2":{"line":7,"type":"binary-expr","locations":[{"start":{"line":7,"column":16},"end":{"line":7,"column":20}},{"start":{"line":7,"column":24},"end":{"line":7,"column":28}}]},"3":{"line":8,"type":"binary-expr","locations":[{"start":{"line":8,"column":16},"end":{"line":8,"column":20}},{"start":{"line":8,"column":24},"end":{"line":8,"column":28}}]},"4":{"line":26,"type":"if","locations":[{"start":{"line":26,"column":4},"end":{"line":26,"column":4}},{"start":{"line":26,"column":4},"end":{"line":26,"column":4}}]},"5":{"line":29,"type":"if","locations":[{"start":{"line":29,"column":4},"end":{"line":29,"column":4}},{"start":{"line":29,"column":4},"end":{"line":29,"column":4}}]},"6":{"line":33,"type":"if","locations":[{"start":{"line":33,"column":4},"end":{"line":33,"column":4}},{"start":{"line":33,"column":4},"end":{"line":33,"column":4}}]},"7":{"line":37,"type":"binary-expr","locations":[{"start":{"line":37,"column":11},"end":{"line":37,"column":18}},{"start":{"line":37,"column":22},"end":{"line":37,"column":34}}]},"8":{"line":38,"type":"if","locations":[{"start":{"line":38,"column":6},"end":{"line":38,"column":6}},{"start":{"line":38,"column":6},"end":{"line":38,"column":6}}]},"9":{"line":53,"type":"if","locations":[{"start":{"line":53,"column":4},"end":{"line":53,"column":4}},{"start":{"line":53,"column":4},"end":{"line":53,"column":4}}]},"10":{"line":58,"type":"if","locations":[{"start":{"line":58,"column":6},"end":{"line":58,"column":6}},{"start":{"line":58,"column":6},"end":{"line":58,"column":6}}]},"11":{"line":75,"type":"if","locations":[{"start":{"line":75,"column":4},"end":{"line":75,"column":4}},{"start":{"line":75,"column":4},"end":{"line":75,"column":4}}]},"12":{"line":76,"type":"if","locations":[{"start":{"line":76,"column":6},"end":{"line":76,"column":6}},{"start":{"line":76,"column":6},"end":{"line":76,"column":6}}]},"13":{"line":77,"type":"if","locations":[{"start":{"line":77,"column":6},"end":{"line":77,"column":6}},{"start":{"line":77,"column":6},"end":{"line":77,"column":6}}]},"14":{"line":78,"type":"if","locations":[{"start":{"line":78,"column":6},"end":{"line":78,"column":6}},{"start":{"line":78,"column":6},"end":{"line":78,"column":6}}]},"15":{"line":91,"type":"if","locations":[{"start":{"line":91,"column":4},"end":{"line":91,"column":4}},{"start":{"line":91,"column":4},"end":{"line":91,"column":4}}]},"16":{"line":94,"type":"if","locations":[{"start":{"line":94,"column":6},"end":{"line":94,"column":6}},{"start":{"line":94,"column":6},"end":{"line":94,"column":6}}]},"17":{"line":95,"type":"if","locations":[{"start":{"line":95,"column":6},"end":{"line":95,"column":6}},{"start":{"line":95,"column":6},"end":{"line":95,"column":6}}]},"18":{"line":111,"type":"if","locations":[{"start":{"line":111,"column":4},"end":{"line":111,"column":4}},{"start":{"line":111,"column":4},"end":{"line":111,"column":4}}]},"19":{"line":114,"type":"if","locations":[{"start":{"line":114,"column":6},"end":{"line":114,"column":6}},{"start":{"line":114,"column":6},"end":{"line":114,"column":6}}]},"20":{"line":118,"type":"if","locations":[{"start":{"line":118,"column":6},"end":{"line":118,"column":6}},{"start":{"line":118,"column":6},"end":{"line":118,"column":6}}]},"21":{"line":127,"type":"if","locations":[{"start":{"line":127,"column":4},"end":{"line":127,"column":4}},{"start":{"line":127,"column":4},"end":{"line":127,"column":4}}]}}}}