TN:
SF:/Users/stefan/Desktop/Projects/dataStructures/doublyLinkedList/index.js
FN:5,(anonymous_1)
FN:15,(anonymous_2)
FN:21,(anonymous_3)
FN:50,(anonymous_4)
FN:72,(anonymous_5)
FN:89,(anonymous_6)
FN:106,(anonymous_7)
FNF:7
FNH:6
FNDA:26,(anonymous_1)
FNDA:10,(anonymous_2)
FNDA:29,(anonymous_3)
FNDA:25,(anonymous_4)
FNDA:4,(anonymous_5)
FNDA:3,(anonymous_6)
FNDA:0,(anonymous_7)
DA:6,26
DA:7,26
DA:8,26
DA:16,10
DA:17,10
DA:18,10
DA:22,29
DA:26,29
DA:29,29
DA:30,4
DA:33,25
DA:34,5
DA:37,20
DA:38,20
DA:39,5
DA:41,15
DA:42,15
DA:46,15
DA:51,25
DA:53,25
DA:54,10
DA:55,10
DA:58,15
DA:59,1
DA:62,14
DA:63,14
DA:66,24
DA:68,24
DA:73,4
DA:75,4
DA:76,4
DA:77,4
DA:78,4
DA:80,4
DA:82,0
DA:85,4
DA:90,3
DA:91,3
DA:92,2
DA:94,2
DA:95,2
DA:96,2
DA:97,2
DA:99,1
DA:102,2
DA:107,0
DA:111,0
DA:112,0
DA:114,0
DA:117,0
DA:118,0
DA:119,0
DA:120,0
DA:122,0
DA:123,0
DA:127,0
DA:128,0
DA:133,1
LF:58
LH:45
BRDA:6,1,0,26
BRDA:6,1,1,0
BRDA:7,2,0,26
BRDA:7,2,1,26
BRDA:8,3,0,26
BRDA:8,3,1,12
BRDA:26,4,0,0
BRDA:26,4,1,29
BRDA:29,5,0,4
BRDA:29,5,1,25
BRDA:33,6,0,5
BRDA:33,6,1,20
BRDA:37,7,0,35
BRDA:37,7,1,35
BRDA:38,8,0,5
BRDA:38,8,1,15
BRDA:53,9,0,10
BRDA:53,9,1,15
BRDA:58,10,0,1
BRDA:58,10,1,14
BRDA:75,11,0,4
BRDA:75,11,1,0
BRDA:76,12,0,3
BRDA:76,12,1,1
BRDA:77,13,0,1
BRDA:77,13,1,3
BRDA:78,14,0,3
BRDA:78,14,1,1
BRDA:91,15,0,2
BRDA:91,15,1,1
BRDA:94,16,0,2
BRDA:94,16,1,0
BRDA:95,17,0,0
BRDA:95,17,1,2
BRDA:111,18,0,0
BRDA:111,18,1,0
BRDA:114,19,0,0
BRDA:114,19,1,0
BRDA:118,20,0,0
BRDA:118,20,1,0
BRDA:127,21,0,0
BRDA:127,21,1,0
BRF:42
BRH:29
end_of_record
